<?xml version="1.0" encoding="UTF-8"?>
<testsuite xmlns:xsi="http://www.w3.org/2001/XMLSchema-instance" xsi:noNamespaceSchemaLocation="https://maven.apache.org/surefire/maven-surefire-plugin/xsd/surefire-test-report-3.0.xsd" version="3.0" name="org.Trello.APITest.TestRunnerForAPITests" time="7.273" tests="3" errors="0" skipped="0" failures="0">
  <properties>
    <property name="java.specification.version" value="20"/>
    <property name="sun.jnu.encoding" value="UTF-8"/>
    <property name="java.class.path" value="/Users/yigit@backbase.com/IdeaProjects/TrelloAssignment/target/test-classes:/Users/yigit@backbase.com/IdeaProjects/TrelloAssignment/target/classes:/Users/yigit@backbase.com/.m2/repository/io/cucumber/cucumber-java/7.13.0/cucumber-java-7.13.0.jar:/Users/yigit@backbase.com/.m2/repository/io/cucumber/cucumber-core/7.13.0/cucumber-core-7.13.0.jar:/Users/yigit@backbase.com/.m2/repository/io/cucumber/cucumber-gherkin/7.13.0/cucumber-gherkin-7.13.0.jar:/Users/yigit@backbase.com/.m2/repository/io/cucumber/cucumber-gherkin-messages/7.13.0/cucumber-gherkin-messages-7.13.0.jar:/Users/yigit@backbase.com/.m2/repository/io/cucumber/gherkin/26.2.0/gherkin-26.2.0.jar:/Users/yigit@backbase.com/.m2/repository/io/cucumber/messages/22.0.0/messages-22.0.0.jar:/Users/yigit@backbase.com/.m2/repository/io/cucumber/tag-expressions/5.0.1/tag-expressions-5.0.1.jar:/Users/yigit@backbase.com/.m2/repository/io/cucumber/cucumber-expressions/16.1.2/cucumber-expressions-16.1.2.jar:/Users/yigit@backbase.com/.m2/repository/io/cucumber/datatable/7.13.0/datatable-7.13.0.jar:/Users/yigit@backbase.com/.m2/repository/io/cucumber/cucumber-plugin/7.13.0/cucumber-plugin-7.13.0.jar:/Users/yigit@backbase.com/.m2/repository/io/cucumber/docstring/7.13.0/docstring-7.13.0.jar:/Users/yigit@backbase.com/.m2/repository/io/cucumber/html-formatter/20.3.1/html-formatter-20.3.1.jar:/Users/yigit@backbase.com/.m2/repository/io/cucumber/junit-xml-formatter/0.2.0/junit-xml-formatter-0.2.0.jar:/Users/yigit@backbase.com/.m2/repository/io/cucumber/ci-environment/9.2.0/ci-environment-9.2.0.jar:/Users/yigit@backbase.com/.m2/repository/org/apiguardian/apiguardian-api/1.1.2/apiguardian-api-1.1.2.jar:/Users/yigit@backbase.com/.m2/repository/io/cucumber/cucumber-junit/7.13.0/cucumber-junit-7.13.0.jar:/Users/yigit@backbase.com/.m2/repository/junit/junit/4.13.2/junit-4.13.2.jar:/Users/yigit@backbase.com/.m2/repository/org/hamcrest/hamcrest-core/1.3/hamcrest-core-1.3.jar:/Users/yigit@backbase.com/.m2/repository/org/seleniumhq/selenium/selenium-java/4.11.0/selenium-java-4.11.0.jar:/Users/yigit@backbase.com/.m2/repository/org/seleniumhq/selenium/selenium-api/4.11.0/selenium-api-4.11.0.jar:/Users/yigit@backbase.com/.m2/repository/org/seleniumhq/selenium/selenium-chrome-driver/4.11.0/selenium-chrome-driver-4.11.0.jar:/Users/yigit@backbase.com/.m2/repository/com/google/auto/service/auto-service-annotations/1.0.1/auto-service-annotations-1.0.1.jar:/Users/yigit@backbase.com/.m2/repository/com/google/guava/guava/31.1-jre/guava-31.1-jre.jar:/Users/yigit@backbase.com/.m2/repository/com/google/guava/failureaccess/1.0.1/failureaccess-1.0.1.jar:/Users/yigit@backbase.com/.m2/repository/com/google/guava/listenablefuture/9999.0-empty-to-avoid-conflict-with-guava/listenablefuture-9999.0-empty-to-avoid-conflict-with-guava.jar:/Users/yigit@backbase.com/.m2/repository/com/google/code/findbugs/jsr305/3.0.2/jsr305-3.0.2.jar:/Users/yigit@backbase.com/.m2/repository/org/checkerframework/checker-qual/3.12.0/checker-qual-3.12.0.jar:/Users/yigit@backbase.com/.m2/repository/com/google/errorprone/error_prone_annotations/2.11.0/error_prone_annotations-2.11.0.jar:/Users/yigit@backbase.com/.m2/repository/com/google/j2objc/j2objc-annotations/1.3/j2objc-annotations-1.3.jar:/Users/yigit@backbase.com/.m2/repository/org/seleniumhq/selenium/selenium-chromium-driver/4.11.0/selenium-chromium-driver-4.11.0.jar:/Users/yigit@backbase.com/.m2/repository/org/seleniumhq/selenium/selenium-json/4.11.0/selenium-json-4.11.0.jar:/Users/yigit@backbase.com/.m2/repository/org/seleniumhq/selenium/selenium-manager/4.11.0/selenium-manager-4.11.0.jar:/Users/yigit@backbase.com/.m2/repository/org/seleniumhq/selenium/selenium-devtools-v113/4.11.0/selenium-devtools-v113-4.11.0.jar:/Users/yigit@backbase.com/.m2/repository/org/seleniumhq/selenium/selenium-devtools-v114/4.11.0/selenium-devtools-v114-4.11.0.jar:/Users/yigit@backbase.com/.m2/repository/org/seleniumhq/selenium/selenium-devtools-v115/4.11.0/selenium-devtools-v115-4.11.0.jar:/Users/yigit@backbase.com/.m2/repository/org/seleniumhq/selenium/selenium-devtools-v85/4.11.0/selenium-devtools-v85-4.11.0.jar:/Users/yigit@backbase.com/.m2/repository/org/seleniumhq/selenium/selenium-edge-driver/4.11.0/selenium-edge-driver-4.11.0.jar:/Users/yigit@backbase.com/.m2/repository/org/seleniumhq/selenium/selenium-firefox-driver/4.11.0/selenium-firefox-driver-4.11.0.jar:/Users/yigit@backbase.com/.m2/repository/org/seleniumhq/selenium/selenium-http/4.11.0/selenium-http-4.11.0.jar:/Users/yigit@backbase.com/.m2/repository/dev/failsafe/failsafe/3.3.1/failsafe-3.3.1.jar:/Users/yigit@backbase.com/.m2/repository/org/seleniumhq/selenium/selenium-ie-driver/4.11.0/selenium-ie-driver-4.11.0.jar:/Users/yigit@backbase.com/.m2/repository/org/seleniumhq/selenium/selenium-remote-driver/4.11.0/selenium-remote-driver-4.11.0.jar:/Users/yigit@backbase.com/.m2/repository/io/netty/netty-buffer/4.1.92.Final/netty-buffer-4.1.92.Final.jar:/Users/yigit@backbase.com/.m2/repository/io/netty/netty-codec-http/4.1.92.Final/netty-codec-http-4.1.92.Final.jar:/Users/yigit@backbase.com/.m2/repository/io/netty/netty-codec/4.1.92.Final/netty-codec-4.1.92.Final.jar:/Users/yigit@backbase.com/.m2/repository/io/netty/netty-handler/4.1.92.Final/netty-handler-4.1.92.Final.jar:/Users/yigit@backbase.com/.m2/repository/io/netty/netty-common/4.1.92.Final/netty-common-4.1.92.Final.jar:/Users/yigit@backbase.com/.m2/repository/io/netty/netty-transport-classes-epoll/4.1.92.Final/netty-transport-classes-epoll-4.1.92.Final.jar:/Users/yigit@backbase.com/.m2/repository/io/netty/netty-transport-classes-kqueue/4.1.92.Final/netty-transport-classes-kqueue-4.1.92.Final.jar:/Users/yigit@backbase.com/.m2/repository/io/netty/netty-transport-native-epoll/4.1.92.Final/netty-transport-native-epoll-4.1.92.Final.jar:/Users/yigit@backbase.com/.m2/repository/io/netty/netty-transport-native-kqueue/4.1.92.Final/netty-transport-native-kqueue-4.1.92.Final.jar:/Users/yigit@backbase.com/.m2/repository/io/netty/netty-transport-native-unix-common/4.1.92.Final/netty-transport-native-unix-common-4.1.92.Final.jar:/Users/yigit@backbase.com/.m2/repository/io/netty/netty-transport/4.1.92.Final/netty-transport-4.1.92.Final.jar:/Users/yigit@backbase.com/.m2/repository/io/netty/netty-resolver/4.1.92.Final/netty-resolver-4.1.92.Final.jar:/Users/yigit@backbase.com/.m2/repository/io/opentelemetry/opentelemetry-api/1.26.0/opentelemetry-api-1.26.0.jar:/Users/yigit@backbase.com/.m2/repository/io/opentelemetry/opentelemetry-context/1.26.0/opentelemetry-context-1.26.0.jar:/Users/yigit@backbase.com/.m2/repository/io/opentelemetry/opentelemetry-exporter-logging/1.26.0/opentelemetry-exporter-logging-1.26.0.jar:/Users/yigit@backbase.com/.m2/repository/io/opentelemetry/opentelemetry-sdk-metrics/1.26.0/opentelemetry-sdk-metrics-1.26.0.jar:/Users/yigit@backbase.com/.m2/repository/io/opentelemetry/opentelemetry-extension-incubator/1.26.0-alpha/opentelemetry-extension-incubator-1.26.0-alpha.jar:/Users/yigit@backbase.com/.m2/repository/io/opentelemetry/opentelemetry-sdk-logs/1.26.0-alpha/opentelemetry-sdk-logs-1.26.0-alpha.jar:/Users/yigit@backbase.com/.m2/repository/io/opentelemetry/opentelemetry-api-logs/1.26.0-alpha/opentelemetry-api-logs-1.26.0-alpha.jar:/Users/yigit@backbase.com/.m2/repository/io/opentelemetry/opentelemetry-api-events/1.26.0-alpha/opentelemetry-api-events-1.26.0-alpha.jar:/Users/yigit@backbase.com/.m2/repository/io/opentelemetry/opentelemetry-sdk-common/1.26.0/opentelemetry-sdk-common-1.26.0.jar:/Users/yigit@backbase.com/.m2/repository/io/opentelemetry/opentelemetry-sdk-extension-autoconfigure-spi/1.26.0/opentelemetry-sdk-extension-autoconfigure-spi-1.26.0.jar:/Users/yigit@backbase.com/.m2/repository/io/opentelemetry/opentelemetry-sdk-extension-autoconfigure/1.26.0-alpha/opentelemetry-sdk-extension-autoconfigure-1.26.0-alpha.jar:/Users/yigit@backbase.com/.m2/repository/io/opentelemetry/opentelemetry-sdk-trace/1.26.0/opentelemetry-sdk-trace-1.26.0.jar:/Users/yigit@backbase.com/.m2/repository/io/opentelemetry/opentelemetry-sdk/1.26.0/opentelemetry-sdk-1.26.0.jar:/Users/yigit@backbase.com/.m2/repository/io/opentelemetry/opentelemetry-semconv/1.26.0-alpha/opentelemetry-semconv-1.26.0-alpha.jar:/Users/yigit@backbase.com/.m2/repository/net/bytebuddy/byte-buddy/1.14.4/byte-buddy-1.14.4.jar:/Users/yigit@backbase.com/.m2/repository/org/apache/commons/commons-exec/1.3/commons-exec-1.3.jar:/Users/yigit@backbase.com/.m2/repository/org/asynchttpclient/async-http-client/2.12.3/async-http-client-2.12.3.jar:/Users/yigit@backbase.com/.m2/repository/org/asynchttpclient/async-http-client-netty-utils/2.12.3/async-http-client-netty-utils-2.12.3.jar:/Users/yigit@backbase.com/.m2/repository/io/netty/netty-codec-socks/4.1.60.Final/netty-codec-socks-4.1.60.Final.jar:/Users/yigit@backbase.com/.m2/repository/io/netty/netty-handler-proxy/4.1.60.Final/netty-handler-proxy-4.1.60.Final.jar:/Users/yigit@backbase.com/.m2/repository/io/netty/netty-transport-native-epoll/4.1.60.Final/netty-transport-native-epoll-4.1.60.Final-linux-x86_64.jar:/Users/yigit@backbase.com/.m2/repository/io/netty/netty-transport-native-kqueue/4.1.60.Final/netty-transport-native-kqueue-4.1.60.Final-osx-x86_64.jar:/Users/yigit@backbase.com/.m2/repository/org/reactivestreams/reactive-streams/1.0.3/reactive-streams-1.0.3.jar:/Users/yigit@backbase.com/.m2/repository/com/typesafe/netty/netty-reactive-streams/2.0.4/netty-reactive-streams-2.0.4.jar:/Users/yigit@backbase.com/.m2/repository/org/slf4j/slf4j-api/1.7.30/slf4j-api-1.7.30.jar:/Users/yigit@backbase.com/.m2/repository/com/sun/activation/jakarta.activation/1.2.2/jakarta.activation-1.2.2.jar:/Users/yigit@backbase.com/.m2/repository/org/seleniumhq/selenium/selenium-safari-driver/4.11.0/selenium-safari-driver-4.11.0.jar:/Users/yigit@backbase.com/.m2/repository/org/seleniumhq/selenium/selenium-support/4.11.0/selenium-support-4.11.0.jar:/Users/yigit@backbase.com/.m2/repository/io/rest-assured/rest-assured/4.4.0/rest-assured-4.4.0.jar:/Users/yigit@backbase.com/.m2/repository/org/codehaus/groovy/groovy/3.0.8/groovy-3.0.8.jar:/Users/yigit@backbase.com/.m2/repository/org/codehaus/groovy/groovy-xml/3.0.8/groovy-xml-3.0.8.jar:/Users/yigit@backbase.com/.m2/repository/org/apache/httpcomponents/httpclient/4.5.13/httpclient-4.5.13.jar:/Users/yigit@backbase.com/.m2/repository/org/apache/httpcomponents/httpcore/4.4.13/httpcore-4.4.13.jar:/Users/yigit@backbase.com/.m2/repository/commons-logging/commons-logging/1.2/commons-logging-1.2.jar:/Users/yigit@backbase.com/.m2/repository/commons-codec/commons-codec/1.11/commons-codec-1.11.jar:/Users/yigit@backbase.com/.m2/repository/org/apache/httpcomponents/httpmime/4.5.13/httpmime-4.5.13.jar:/Users/yigit@backbase.com/.m2/repository/org/hamcrest/hamcrest/2.1/hamcrest-2.1.jar:/Users/yigit@backbase.com/.m2/repository/org/ccil/cowan/tagsoup/tagsoup/1.2.1/tagsoup-1.2.1.jar:/Users/yigit@backbase.com/.m2/repository/io/rest-assured/json-path/4.4.0/json-path-4.4.0.jar:/Users/yigit@backbase.com/.m2/repository/org/codehaus/groovy/groovy-json/3.0.8/groovy-json-3.0.8.jar:/Users/yigit@backbase.com/.m2/repository/io/rest-assured/rest-assured-common/4.4.0/rest-assured-common-4.4.0.jar:/Users/yigit@backbase.com/.m2/repository/io/rest-assured/xml-path/4.4.0/xml-path-4.4.0.jar:/Users/yigit@backbase.com/.m2/repository/org/apache/commons/commons-lang3/3.11/commons-lang3-3.11.jar:/Users/yigit@backbase.com/.m2/repository/jakarta/xml/bind/jakarta.xml.bind-api/2.3.3/jakarta.xml.bind-api-2.3.3.jar:/Users/yigit@backbase.com/.m2/repository/jakarta/activation/jakarta.activation-api/1.2.2/jakarta.activation-api-1.2.2.jar:/Users/yigit@backbase.com/.m2/repository/com/sun/xml/bind/jaxb-impl/2.3.3/jaxb-impl-2.3.3.jar:"/>
    <property name="java.vm.vendor" value="Homebrew"/>
    <property name="sun.arch.data.model" value="64"/>
    <property name="java.vendor.url" value="https://github.com/Homebrew/homebrew-core/issues"/>
    <property name="os.name" value="Mac OS X"/>
    <property name="java.vm.specification.version" value="20"/>
    <property name="sun.java.launcher" value="SUN_STANDARD"/>
    <property name="user.country" value="NL"/>
    <property name="sun.boot.library.path" value="/opt/homebrew/Cellar/openjdk/20.0.1/libexec/openjdk.jdk/Contents/Home/lib"/>
    <property name="sun.java.command" value="/Users/yigit@backbase.com/IdeaProjects/TrelloAssignment/target/surefire/surefirebooter-20230824203120668_3.jar /Users/yigit@backbase.com/IdeaProjects/TrelloAssignment/target/surefire 2023-08-24T20-31-20_625-jvmRun1 surefire-20230824203120668_1tmp surefire_0-20230824203120668_2tmp"/>
    <property name="jdk.debug" value="release"/>
    <property name="surefire.test.class.path" value="/Users/yigit@backbase.com/IdeaProjects/TrelloAssignment/target/test-classes:/Users/yigit@backbase.com/IdeaProjects/TrelloAssignment/target/classes:/Users/yigit@backbase.com/.m2/repository/io/cucumber/cucumber-java/7.13.0/cucumber-java-7.13.0.jar:/Users/yigit@backbase.com/.m2/repository/io/cucumber/cucumber-core/7.13.0/cucumber-core-7.13.0.jar:/Users/yigit@backbase.com/.m2/repository/io/cucumber/cucumber-gherkin/7.13.0/cucumber-gherkin-7.13.0.jar:/Users/yigit@backbase.com/.m2/repository/io/cucumber/cucumber-gherkin-messages/7.13.0/cucumber-gherkin-messages-7.13.0.jar:/Users/yigit@backbase.com/.m2/repository/io/cucumber/gherkin/26.2.0/gherkin-26.2.0.jar:/Users/yigit@backbase.com/.m2/repository/io/cucumber/messages/22.0.0/messages-22.0.0.jar:/Users/yigit@backbase.com/.m2/repository/io/cucumber/tag-expressions/5.0.1/tag-expressions-5.0.1.jar:/Users/yigit@backbase.com/.m2/repository/io/cucumber/cucumber-expressions/16.1.2/cucumber-expressions-16.1.2.jar:/Users/yigit@backbase.com/.m2/repository/io/cucumber/datatable/7.13.0/datatable-7.13.0.jar:/Users/yigit@backbase.com/.m2/repository/io/cucumber/cucumber-plugin/7.13.0/cucumber-plugin-7.13.0.jar:/Users/yigit@backbase.com/.m2/repository/io/cucumber/docstring/7.13.0/docstring-7.13.0.jar:/Users/yigit@backbase.com/.m2/repository/io/cucumber/html-formatter/20.3.1/html-formatter-20.3.1.jar:/Users/yigit@backbase.com/.m2/repository/io/cucumber/junit-xml-formatter/0.2.0/junit-xml-formatter-0.2.0.jar:/Users/yigit@backbase.com/.m2/repository/io/cucumber/ci-environment/9.2.0/ci-environment-9.2.0.jar:/Users/yigit@backbase.com/.m2/repository/org/apiguardian/apiguardian-api/1.1.2/apiguardian-api-1.1.2.jar:/Users/yigit@backbase.com/.m2/repository/io/cucumber/cucumber-junit/7.13.0/cucumber-junit-7.13.0.jar:/Users/yigit@backbase.com/.m2/repository/junit/junit/4.13.2/junit-4.13.2.jar:/Users/yigit@backbase.com/.m2/repository/org/hamcrest/hamcrest-core/1.3/hamcrest-core-1.3.jar:/Users/yigit@backbase.com/.m2/repository/org/seleniumhq/selenium/selenium-java/4.11.0/selenium-java-4.11.0.jar:/Users/yigit@backbase.com/.m2/repository/org/seleniumhq/selenium/selenium-api/4.11.0/selenium-api-4.11.0.jar:/Users/yigit@backbase.com/.m2/repository/org/seleniumhq/selenium/selenium-chrome-driver/4.11.0/selenium-chrome-driver-4.11.0.jar:/Users/yigit@backbase.com/.m2/repository/com/google/auto/service/auto-service-annotations/1.0.1/auto-service-annotations-1.0.1.jar:/Users/yigit@backbase.com/.m2/repository/com/google/guava/guava/31.1-jre/guava-31.1-jre.jar:/Users/yigit@backbase.com/.m2/repository/com/google/guava/failureaccess/1.0.1/failureaccess-1.0.1.jar:/Users/yigit@backbase.com/.m2/repository/com/google/guava/listenablefuture/9999.0-empty-to-avoid-conflict-with-guava/listenablefuture-9999.0-empty-to-avoid-conflict-with-guava.jar:/Users/yigit@backbase.com/.m2/repository/com/google/code/findbugs/jsr305/3.0.2/jsr305-3.0.2.jar:/Users/yigit@backbase.com/.m2/repository/org/checkerframework/checker-qual/3.12.0/checker-qual-3.12.0.jar:/Users/yigit@backbase.com/.m2/repository/com/google/errorprone/error_prone_annotations/2.11.0/error_prone_annotations-2.11.0.jar:/Users/yigit@backbase.com/.m2/repository/com/google/j2objc/j2objc-annotations/1.3/j2objc-annotations-1.3.jar:/Users/yigit@backbase.com/.m2/repository/org/seleniumhq/selenium/selenium-chromium-driver/4.11.0/selenium-chromium-driver-4.11.0.jar:/Users/yigit@backbase.com/.m2/repository/org/seleniumhq/selenium/selenium-json/4.11.0/selenium-json-4.11.0.jar:/Users/yigit@backbase.com/.m2/repository/org/seleniumhq/selenium/selenium-manager/4.11.0/selenium-manager-4.11.0.jar:/Users/yigit@backbase.com/.m2/repository/org/seleniumhq/selenium/selenium-devtools-v113/4.11.0/selenium-devtools-v113-4.11.0.jar:/Users/yigit@backbase.com/.m2/repository/org/seleniumhq/selenium/selenium-devtools-v114/4.11.0/selenium-devtools-v114-4.11.0.jar:/Users/yigit@backbase.com/.m2/repository/org/seleniumhq/selenium/selenium-devtools-v115/4.11.0/selenium-devtools-v115-4.11.0.jar:/Users/yigit@backbase.com/.m2/repository/org/seleniumhq/selenium/selenium-devtools-v85/4.11.0/selenium-devtools-v85-4.11.0.jar:/Users/yigit@backbase.com/.m2/repository/org/seleniumhq/selenium/selenium-edge-driver/4.11.0/selenium-edge-driver-4.11.0.jar:/Users/yigit@backbase.com/.m2/repository/org/seleniumhq/selenium/selenium-firefox-driver/4.11.0/selenium-firefox-driver-4.11.0.jar:/Users/yigit@backbase.com/.m2/repository/org/seleniumhq/selenium/selenium-http/4.11.0/selenium-http-4.11.0.jar:/Users/yigit@backbase.com/.m2/repository/dev/failsafe/failsafe/3.3.1/failsafe-3.3.1.jar:/Users/yigit@backbase.com/.m2/repository/org/seleniumhq/selenium/selenium-ie-driver/4.11.0/selenium-ie-driver-4.11.0.jar:/Users/yigit@backbase.com/.m2/repository/org/seleniumhq/selenium/selenium-remote-driver/4.11.0/selenium-remote-driver-4.11.0.jar:/Users/yigit@backbase.com/.m2/repository/io/netty/netty-buffer/4.1.92.Final/netty-buffer-4.1.92.Final.jar:/Users/yigit@backbase.com/.m2/repository/io/netty/netty-codec-http/4.1.92.Final/netty-codec-http-4.1.92.Final.jar:/Users/yigit@backbase.com/.m2/repository/io/netty/netty-codec/4.1.92.Final/netty-codec-4.1.92.Final.jar:/Users/yigit@backbase.com/.m2/repository/io/netty/netty-handler/4.1.92.Final/netty-handler-4.1.92.Final.jar:/Users/yigit@backbase.com/.m2/repository/io/netty/netty-common/4.1.92.Final/netty-common-4.1.92.Final.jar:/Users/yigit@backbase.com/.m2/repository/io/netty/netty-transport-classes-epoll/4.1.92.Final/netty-transport-classes-epoll-4.1.92.Final.jar:/Users/yigit@backbase.com/.m2/repository/io/netty/netty-transport-classes-kqueue/4.1.92.Final/netty-transport-classes-kqueue-4.1.92.Final.jar:/Users/yigit@backbase.com/.m2/repository/io/netty/netty-transport-native-epoll/4.1.92.Final/netty-transport-native-epoll-4.1.92.Final.jar:/Users/yigit@backbase.com/.m2/repository/io/netty/netty-transport-native-kqueue/4.1.92.Final/netty-transport-native-kqueue-4.1.92.Final.jar:/Users/yigit@backbase.com/.m2/repository/io/netty/netty-transport-native-unix-common/4.1.92.Final/netty-transport-native-unix-common-4.1.92.Final.jar:/Users/yigit@backbase.com/.m2/repository/io/netty/netty-transport/4.1.92.Final/netty-transport-4.1.92.Final.jar:/Users/yigit@backbase.com/.m2/repository/io/netty/netty-resolver/4.1.92.Final/netty-resolver-4.1.92.Final.jar:/Users/yigit@backbase.com/.m2/repository/io/opentelemetry/opentelemetry-api/1.26.0/opentelemetry-api-1.26.0.jar:/Users/yigit@backbase.com/.m2/repository/io/opentelemetry/opentelemetry-context/1.26.0/opentelemetry-context-1.26.0.jar:/Users/yigit@backbase.com/.m2/repository/io/opentelemetry/opentelemetry-exporter-logging/1.26.0/opentelemetry-exporter-logging-1.26.0.jar:/Users/yigit@backbase.com/.m2/repository/io/opentelemetry/opentelemetry-sdk-metrics/1.26.0/opentelemetry-sdk-metrics-1.26.0.jar:/Users/yigit@backbase.com/.m2/repository/io/opentelemetry/opentelemetry-extension-incubator/1.26.0-alpha/opentelemetry-extension-incubator-1.26.0-alpha.jar:/Users/yigit@backbase.com/.m2/repository/io/opentelemetry/opentelemetry-sdk-logs/1.26.0-alpha/opentelemetry-sdk-logs-1.26.0-alpha.jar:/Users/yigit@backbase.com/.m2/repository/io/opentelemetry/opentelemetry-api-logs/1.26.0-alpha/opentelemetry-api-logs-1.26.0-alpha.jar:/Users/yigit@backbase.com/.m2/repository/io/opentelemetry/opentelemetry-api-events/1.26.0-alpha/opentelemetry-api-events-1.26.0-alpha.jar:/Users/yigit@backbase.com/.m2/repository/io/opentelemetry/opentelemetry-sdk-common/1.26.0/opentelemetry-sdk-common-1.26.0.jar:/Users/yigit@backbase.com/.m2/repository/io/opentelemetry/opentelemetry-sdk-extension-autoconfigure-spi/1.26.0/opentelemetry-sdk-extension-autoconfigure-spi-1.26.0.jar:/Users/yigit@backbase.com/.m2/repository/io/opentelemetry/opentelemetry-sdk-extension-autoconfigure/1.26.0-alpha/opentelemetry-sdk-extension-autoconfigure-1.26.0-alpha.jar:/Users/yigit@backbase.com/.m2/repository/io/opentelemetry/opentelemetry-sdk-trace/1.26.0/opentelemetry-sdk-trace-1.26.0.jar:/Users/yigit@backbase.com/.m2/repository/io/opentelemetry/opentelemetry-sdk/1.26.0/opentelemetry-sdk-1.26.0.jar:/Users/yigit@backbase.com/.m2/repository/io/opentelemetry/opentelemetry-semconv/1.26.0-alpha/opentelemetry-semconv-1.26.0-alpha.jar:/Users/yigit@backbase.com/.m2/repository/net/bytebuddy/byte-buddy/1.14.4/byte-buddy-1.14.4.jar:/Users/yigit@backbase.com/.m2/repository/org/apache/commons/commons-exec/1.3/commons-exec-1.3.jar:/Users/yigit@backbase.com/.m2/repository/org/asynchttpclient/async-http-client/2.12.3/async-http-client-2.12.3.jar:/Users/yigit@backbase.com/.m2/repository/org/asynchttpclient/async-http-client-netty-utils/2.12.3/async-http-client-netty-utils-2.12.3.jar:/Users/yigit@backbase.com/.m2/repository/io/netty/netty-codec-socks/4.1.60.Final/netty-codec-socks-4.1.60.Final.jar:/Users/yigit@backbase.com/.m2/repository/io/netty/netty-handler-proxy/4.1.60.Final/netty-handler-proxy-4.1.60.Final.jar:/Users/yigit@backbase.com/.m2/repository/io/netty/netty-transport-native-epoll/4.1.60.Final/netty-transport-native-epoll-4.1.60.Final-linux-x86_64.jar:/Users/yigit@backbase.com/.m2/repository/io/netty/netty-transport-native-kqueue/4.1.60.Final/netty-transport-native-kqueue-4.1.60.Final-osx-x86_64.jar:/Users/yigit@backbase.com/.m2/repository/org/reactivestreams/reactive-streams/1.0.3/reactive-streams-1.0.3.jar:/Users/yigit@backbase.com/.m2/repository/com/typesafe/netty/netty-reactive-streams/2.0.4/netty-reactive-streams-2.0.4.jar:/Users/yigit@backbase.com/.m2/repository/org/slf4j/slf4j-api/1.7.30/slf4j-api-1.7.30.jar:/Users/yigit@backbase.com/.m2/repository/com/sun/activation/jakarta.activation/1.2.2/jakarta.activation-1.2.2.jar:/Users/yigit@backbase.com/.m2/repository/org/seleniumhq/selenium/selenium-safari-driver/4.11.0/selenium-safari-driver-4.11.0.jar:/Users/yigit@backbase.com/.m2/repository/org/seleniumhq/selenium/selenium-support/4.11.0/selenium-support-4.11.0.jar:/Users/yigit@backbase.com/.m2/repository/io/rest-assured/rest-assured/4.4.0/rest-assured-4.4.0.jar:/Users/yigit@backbase.com/.m2/repository/org/codehaus/groovy/groovy/3.0.8/groovy-3.0.8.jar:/Users/yigit@backbase.com/.m2/repository/org/codehaus/groovy/groovy-xml/3.0.8/groovy-xml-3.0.8.jar:/Users/yigit@backbase.com/.m2/repository/org/apache/httpcomponents/httpclient/4.5.13/httpclient-4.5.13.jar:/Users/yigit@backbase.com/.m2/repository/org/apache/httpcomponents/httpcore/4.4.13/httpcore-4.4.13.jar:/Users/yigit@backbase.com/.m2/repository/commons-logging/commons-logging/1.2/commons-logging-1.2.jar:/Users/yigit@backbase.com/.m2/repository/commons-codec/commons-codec/1.11/commons-codec-1.11.jar:/Users/yigit@backbase.com/.m2/repository/org/apache/httpcomponents/httpmime/4.5.13/httpmime-4.5.13.jar:/Users/yigit@backbase.com/.m2/repository/org/hamcrest/hamcrest/2.1/hamcrest-2.1.jar:/Users/yigit@backbase.com/.m2/repository/org/ccil/cowan/tagsoup/tagsoup/1.2.1/tagsoup-1.2.1.jar:/Users/yigit@backbase.com/.m2/repository/io/rest-assured/json-path/4.4.0/json-path-4.4.0.jar:/Users/yigit@backbase.com/.m2/repository/org/codehaus/groovy/groovy-json/3.0.8/groovy-json-3.0.8.jar:/Users/yigit@backbase.com/.m2/repository/io/rest-assured/rest-assured-common/4.4.0/rest-assured-common-4.4.0.jar:/Users/yigit@backbase.com/.m2/repository/io/rest-assured/xml-path/4.4.0/xml-path-4.4.0.jar:/Users/yigit@backbase.com/.m2/repository/org/apache/commons/commons-lang3/3.11/commons-lang3-3.11.jar:/Users/yigit@backbase.com/.m2/repository/jakarta/xml/bind/jakarta.xml.bind-api/2.3.3/jakarta.xml.bind-api-2.3.3.jar:/Users/yigit@backbase.com/.m2/repository/jakarta/activation/jakarta.activation-api/1.2.2/jakarta.activation-api-1.2.2.jar:/Users/yigit@backbase.com/.m2/repository/com/sun/xml/bind/jaxb-impl/2.3.3/jaxb-impl-2.3.3.jar:"/>
    <property name="sun.cpu.endian" value="little"/>
    <property name="user.home" value="/Users/yigit@backbase.com"/>
    <property name="user.language" value="en"/>
    <property name="java.specification.vendor" value="Oracle Corporation"/>
    <property name="java.version.date" value="2023-04-18"/>
    <property name="java.home" value="/opt/homebrew/Cellar/openjdk/20.0.1/libexec/openjdk.jdk/Contents/Home"/>
    <property name="file.separator" value="/"/>
    <property name="basedir" value="/Users/yigit@backbase.com/IdeaProjects/TrelloAssignment"/>
    <property name="java.vm.compressedOopsMode" value="Zero based"/>
    <property name="line.separator" value="&#10;"/>
    <property name="java.specification.name" value="Java Platform API Specification"/>
    <property name="java.vm.specification.vendor" value="Oracle Corporation"/>
    <property name="apple.awt.application.name" value="ForkedBooter"/>
    <property name="surefire.real.class.path" value="/Users/yigit@backbase.com/IdeaProjects/TrelloAssignment/target/surefire/surefirebooter-20230824203120668_3.jar"/>
    <property name="sun.management.compiler" value="HotSpot 64-Bit Tiered Compilers"/>
    <property name="java.runtime.version" value="20.0.1"/>
    <property name="user.name" value="yigit@backbase.com"/>
    <property name="stdout.encoding" value="UTF-8"/>
    <property name="path.separator" value=":"/>
    <property name="os.version" value="13.5"/>
    <property name="java.runtime.name" value="OpenJDK Runtime Environment"/>
    <property name="file.encoding" value="UTF-8"/>
    <property name="java.vm.name" value="OpenJDK 64-Bit Server VM"/>
    <property name="java.vendor.version" value="Homebrew"/>
    <property name="localRepository" value="/Users/yigit@backbase.com/.m2/repository"/>
    <property name="java.vendor.url.bug" value="https://github.com/Homebrew/homebrew-core/issues"/>
    <property name="java.io.tmpdir" value="/var/folders/nq/2rgxm83n1m913p0_dbgtg92h0000gq/T/"/>
    <property name="java.version" value="20.0.1"/>
    <property name="user.dir" value="/Users/yigit@backbase.com/IdeaProjects/TrelloAssignment"/>
    <property name="os.arch" value="aarch64"/>
    <property name="java.vm.specification.name" value="Java Virtual Machine Specification"/>
    <property name="native.encoding" value="UTF-8"/>
    <property name="java.library.path" value="/Users/yigit@backbase.com/Library/Java/Extensions:/Library/Java/Extensions:/Network/Library/Java/Extensions:/System/Library/Java/Extensions:/usr/lib/java:."/>
    <property name="java.vm.info" value="mixed mode, sharing"/>
    <property name="stderr.encoding" value="UTF-8"/>
    <property name="java.vendor" value="Homebrew"/>
    <property name="java.vm.version" value="20.0.1"/>
    <property name="sun.io.unicode.encoding" value="UnicodeBig"/>
    <property name="java.class.version" value="64.0"/>
  </properties>
  <testcase name="Successful board creation" classname="Trello Create Board API Testing" time="2.855">
    <system-out><![CDATA[
Scenario: Successful board creation                                                # src/test/resources/featuresAPI/CreateBoard.feature:3
  Given the Trello create board API endpoint is "https://api.trello.com/1/boards/" # org.Trello.APITest.stepDefinitionsAPI.CreateBoardSteps.theTrelloCreateBoardAPIEndpointIs(java.lang.String)
  And I have a valid API key and token                                             # org.Trello.APITest.stepDefinitionsAPI.CommonAPISteps.validAPIKeyAndToken()
Request method:	POST
Request URI:	https://api.trello.com/1/boards/?name=Test%20Board&key=a3b5b46218f51e23fd8902608bf45ad5&token=ATTA518b7b9ba572f36db7121ed1422716df4cc7f8e9eea4f41a5de43d325fadbf7aF908FEF1
Proxy:			<none>
Request params:	<none>
Query params:	name=Test Board
				key=a3b5b46218f51e23fd8902608bf45ad5
				token=ATTA518b7b9ba572f36db7121ed1422716df4cc7f8e9eea4f41a5de43d325fadbf7aF908FEF1
Form params:	<none>
Path params:	<none>
Headers:		Accept=application/json
				Content-Type=application/json
Cookies:		<none>
Multiparts:		<none>
Body:			<none>
  When I send a POST request to create a board with name "Test Board"              # org.Trello.APITest.stepDefinitionsAPI.CreateBoardSteps.sendPOSTRequestToCreateABoardWithName(java.lang.String)
  Then the response status code should be 200                                      # org.Trello.APITest.stepDefinitionsAPI.CommonAPISteps.theResponseStatusCodeShouldBe(int)
  And the response body contains "Test Board"                                      # org.Trello.APITest.stepDefinitionsAPI.CreateBoardSteps.theResponseBodyContains(java.lang.String)
Request method:	DELETE
Request URI:	https://api.trello.com/1/boards/64e7a1f9b7514b58ea357954?key=a3b5b46218f51e23fd8902608bf45ad5&token=ATTA518b7b9ba572f36db7121ed1422716df4cc7f8e9eea4f41a5de43d325fadbf7aF908FEF1
Proxy:			<none>
Request params:	<none>
Query params:	key=a3b5b46218f51e23fd8902608bf45ad5
				token=ATTA518b7b9ba572f36db7121ed1422716df4cc7f8e9eea4f41a5de43d325fadbf7aF908FEF1
Form params:	<none>
Path params:	<none>
Headers:		Accept=*/*
Cookies:		<none>
Multiparts:		<none>
Body:			<none>
  And I send a DELETE request to delete a board with ID                            # org.Trello.APITest.stepDefinitionsAPI.DeleteBoardSteps.sendDELETERequestToDeleteABoardWithID()
  Then the response status code should be 200                                      # org.Trello.APITest.stepDefinitionsAPI.CommonAPISteps.theResponseStatusCodeShouldBe(int)
]]></system-out>
  </testcase>
  <testcase name="Successful retrieval of a specific board and delete recently created board" classname="Trello Get Specific Board API Testing" time="2.093">
    <system-out><![CDATA[
Scenario: Successful retrieval of a specific board and delete recently created board    # src/test/resources/featuresAPI/GetBoard.feature:3
  Given the Trello get specific board API endpoint is "https://api.trello.com/1/boards" # org.Trello.APITest.stepDefinitionsAPI.GetBoardSteps.theTrelloGetSpecificBoardAPIEndpointIs(java.lang.String)
  And I have a valid API key and token                                                  # org.Trello.APITest.stepDefinitionsAPI.CommonAPISteps.validAPIKeyAndToken()
Request method:	POST
Request URI:	https://api.trello.com/1/boards?name=test%20board&key=a3b5b46218f51e23fd8902608bf45ad5&token=ATTA518b7b9ba572f36db7121ed1422716df4cc7f8e9eea4f41a5de43d325fadbf7aF908FEF1
Proxy:			<none>
Request params:	<none>
Query params:	name=test board
				key=a3b5b46218f51e23fd8902608bf45ad5
				token=ATTA518b7b9ba572f36db7121ed1422716df4cc7f8e9eea4f41a5de43d325fadbf7aF908FEF1
Form params:	<none>
Path params:	<none>
Headers:		Accept=application/json
				Content-Type=application/json
Cookies:		<none>
Multiparts:		<none>
Body:			<none>
  And I have a recently created board with name "test board"                            # org.Trello.APITest.stepDefinitionsAPI.CommonAPISteps.recentlyCreatedBoardWithName(java.lang.String)
Request method:	GET
Request URI:	https://api.trello.com/1/boards/64e7a1fcdf5cb89a695c2696?key=a3b5b46218f51e23fd8902608bf45ad5&token=ATTA518b7b9ba572f36db7121ed1422716df4cc7f8e9eea4f41a5de43d325fadbf7aF908FEF1
Proxy:			<none>
Request params:	<none>
Query params:	key=a3b5b46218f51e23fd8902608bf45ad5
				token=ATTA518b7b9ba572f36db7121ed1422716df4cc7f8e9eea4f41a5de43d325fadbf7aF908FEF1
Form params:	<none>
Path params:	<none>
Headers:		Accept=*/*
Cookies:		<none>
Multiparts:		<none>
Body:			<none>
  When I send a GET request to retrieve the board with ID                               # org.Trello.APITest.stepDefinitionsAPI.GetBoardSteps.sendGetSpecificBoardRequest()
  Then the response status code should be 200                                           # org.Trello.APITest.stepDefinitionsAPI.CommonAPISteps.theResponseStatusCodeShouldBe(int)
  And the response body contains the board name "test board"                            # org.Trello.APITest.stepDefinitionsAPI.GetBoardSteps.verifyResponseBodyContainsBoardName(java.lang.String)
Request method:	DELETE
Request URI:	https://api.trello.com/1/boards/64e7a1fcdf5cb89a695c2696?key=a3b5b46218f51e23fd8902608bf45ad5&token=ATTA518b7b9ba572f36db7121ed1422716df4cc7f8e9eea4f41a5de43d325fadbf7aF908FEF1
Proxy:			<none>
Request params:	<none>
Query params:	key=a3b5b46218f51e23fd8902608bf45ad5
				token=ATTA518b7b9ba572f36db7121ed1422716df4cc7f8e9eea4f41a5de43d325fadbf7aF908FEF1
Form params:	<none>
Path params:	<none>
Headers:		Accept=*/*
Cookies:		<none>
Multiparts:		<none>
Body:			<none>
  When I send a DELETE request to delete a board with ID                                # org.Trello.APITest.stepDefinitionsAPI.DeleteBoardSteps.sendDELETERequestToDeleteABoardWithID()
  Then the response status code should be 200                                           # org.Trello.APITest.stepDefinitionsAPI.CommonAPISteps.theResponseStatusCodeShouldBe(int)
]]></system-out>
  </testcase>
  <testcase name="Successful update of board name" classname="Trello Update Board API Testing" time="2.032">
    <system-out><![CDATA[
Scenario: Successful update of board name                                          # src/test/resources/featuresAPI/UpdateBoard.feature:3
  Given the Trello update board API endpoint is "https://api.trello.com/1/boards/" # org.Trello.APITest.stepDefinitionsAPI.UpdateBoardSteps.theTrelloUpdateBoardAPIEndpointIs(java.lang.String)
  And I have a valid API key and token                                             # org.Trello.APITest.stepDefinitionsAPI.CommonAPISteps.validAPIKeyAndToken()
Request method:	POST
Request URI:	https://api.trello.com/1/boards/?name=Test%20Board&key=a3b5b46218f51e23fd8902608bf45ad5&token=ATTA518b7b9ba572f36db7121ed1422716df4cc7f8e9eea4f41a5de43d325fadbf7aF908FEF1
Proxy:			<none>
Request params:	<none>
Query params:	name=Test Board
				key=a3b5b46218f51e23fd8902608bf45ad5
				token=ATTA518b7b9ba572f36db7121ed1422716df4cc7f8e9eea4f41a5de43d325fadbf7aF908FEF1
Form params:	<none>
Path params:	<none>
Headers:		Accept=application/json
				Content-Type=application/json
Cookies:		<none>
Multiparts:		<none>
Body:			<none>
  And I have a recently created board with name "Test Board"                       # org.Trello.APITest.stepDefinitionsAPI.CommonAPISteps.recentlyCreatedBoardWithName(java.lang.String)
Request method:	PUT
Request URI:	https://api.trello.com/1/boards/64e7a1fefefce77c4a1ae57a?name=Updated%20Board&key=a3b5b46218f51e23fd8902608bf45ad5&token=ATTA518b7b9ba572f36db7121ed1422716df4cc7f8e9eea4f41a5de43d325fadbf7aF908FEF1
Proxy:			<none>
Request params:	<none>
Query params:	name=Updated Board
				key=a3b5b46218f51e23fd8902608bf45ad5
				token=ATTA518b7b9ba572f36db7121ed1422716df4cc7f8e9eea4f41a5de43d325fadbf7aF908FEF1
Form params:	<none>
Path params:	<none>
Headers:		Accept=application/json
				Content-Type=application/json
Cookies:		<none>
Multiparts:		<none>
Body:			<none>
  When I send a PUT request to update the board name to "Updated Board"            # org.Trello.APITest.stepDefinitionsAPI.UpdateBoardSteps.sendPUTRequestToUpdateTheBoardNameTo(java.lang.String)
  Then the response status code should be 200                                      # org.Trello.APITest.stepDefinitionsAPI.CommonAPISteps.theResponseStatusCodeShouldBe(int)
  And the response body contains the updated board name "Updated Board"            # org.Trello.APITest.stepDefinitionsAPI.UpdateBoardSteps.theResponseBodyContainsTheUpdatedBoardName(java.lang.String)
Request method:	DELETE
Request URI:	https://api.trello.com/1/boards/64e7a1fefefce77c4a1ae57a?key=a3b5b46218f51e23fd8902608bf45ad5&token=ATTA518b7b9ba572f36db7121ed1422716df4cc7f8e9eea4f41a5de43d325fadbf7aF908FEF1
Proxy:			<none>
Request params:	<none>
Query params:	key=a3b5b46218f51e23fd8902608bf45ad5
				token=ATTA518b7b9ba572f36db7121ed1422716df4cc7f8e9eea4f41a5de43d325fadbf7aF908FEF1
Form params:	<none>
Path params:	<none>
Headers:		Accept=*/*
Cookies:		<none>
Multiparts:		<none>
Body:			<none>
  And I send a DELETE request to delete a board with ID                            # org.Trello.APITest.stepDefinitionsAPI.DeleteBoardSteps.sendDELETERequestToDeleteABoardWithID()
  Then the response status code should be 200                                      # org.Trello.APITest.stepDefinitionsAPI.CommonAPISteps.theResponseStatusCodeShouldBe(int)
]]></system-out>
  </testcase>
</testsuite>